\BOOKMARK [0][-]{chapter.1}{\376\377\000I\000n\000t\000r\000o\000d\000u\000c\000t\000i\000o\000n}{}% 1
\BOOKMARK [1][-]{section*.2}{\376\377\000Y\000o\000u\000\040\000T\000h\000i\000n\000k\000\040\000Y\000o\000u\000\040\000K\000n\000o\000w\000\040\000L\000i\000n\000u\000x\000?}{chapter.1}% 2
\BOOKMARK [1][-]{section*.2}{\376\377\000W\000h\000y\000\040\000A\000r\000c\000h\000?\000\040\000B\000e\000c\000a\000u\000s\000e\000\040\000Y\000o\000u\000\040\000W\000a\000n\000t\000\040\000C\000o\000n\000t\000r\000o\000l\000.}{chapter.1}% 3
\BOOKMARK [1][-]{section*.2}{\376\377\000B\000e\000c\000a\000u\000s\000e\000\040\000M\000i\000n\000i\000m\000a\000l\000i\000s\000m\000\040\000I\000s\000n\000'\000t\000\040\000a\000\040\000S\000t\000y\000l\000e\000\040\040\024\000\040\000I\000t\000'\000s\000\040\000a\000\040\000S\000t\000a\000t\000e\000m\000e\000n\000t}{chapter.1}% 4
\BOOKMARK [1][-]{section*.2}{\376\377\040\034\000B\000u\000t\000\040\000M\000y\000\040\000D\000i\000s\000t\000r\000o\000\040\000J\000u\000s\000t\000\040\000W\000o\000r\000k\000s\040\035\000\040\040\024\000\040\000D\000o\000e\000s\000\040\000I\000t\000,\000\040\000T\000h\000o\000u\000g\000h\000?}{chapter.1}% 5
\BOOKMARK [1][-]{section*.2}{\376\377\000G\000a\000s\000l\000i\000g\000h\000t\000i\000n\000g\000?\000\040\000N\000o\000\040\040\024\000\040\000W\000e\040\031\000r\000e\000\040\000J\000u\000s\000t\000\040\000H\000o\000n\000e\000s\000t}{chapter.1}% 6
\BOOKMARK [1][-]{section*.2}{\376\377\000T\000h\000i\000s\000\040\000B\000o\000o\000k\000\040\000I\000s\000\040\000Y\000o\000u\000r\000\040\000R\000i\000t\000e\000\040\000o\000f\000\040\000P\000a\000s\000s\000a\000g\000e}{chapter.1}% 7
\BOOKMARK [0][-]{chapter.2}{\376\377\000P\000r\000e\000i\000n\000s\000t\000a\000l\000l\000a\000t\000i\000o\000n}{}% 8
\BOOKMARK [1][-]{section*.3}{\376\377\000Y\000o\000u\000\040\000D\000o\000n\000'\000t\000\040\000J\000u\000s\000t\000\040\000I\000n\000s\000t\000a\000l\000l\000\040\000A\000r\000c\000h\000.\000\040\000Y\000o\000u\000\040\000P\000r\000e\000p\000a\000r\000e\000\040\000F\000o\000r\000\040\000I\000t\000.}{chapter.2}% 9
\BOOKMARK [1][-]{section*.3}{\376\377\000S\000t\000e\000p\000\040\0001\000:\000\040\000D\000o\000w\000n\000l\000o\000a\000d\000i\000n\000g\000\040\000t\000h\000e\000\040\000I\000S\000O\000\040\000\050\000Y\000e\000s\000,\000\040\000C\000o\000r\000r\000e\000c\000t\000l\000y\000\051}{chapter.2}% 10
\BOOKMARK [1][-]{lstnumber.-4.1}{\376\377\000S\000t\000e\000p\000\040\0002\000:\000\040\000F\000l\000a\000s\000h\000i\000n\000g\000\040\000t\000h\000e\000\040\000I\000S\000O\000\040\000t\000o\000\040\000a\000\040\000U\000S\000B\000\040\000D\000r\000i\000v\000e}{chapter.2}% 11
\BOOKMARK [1][-]{lstnumber.-5.1}{\376\377\000S\000t\000e\000p\000\040\0003\000:\000\040\000B\000o\000o\000t\000\040\000I\000n\000t\000o\000\040\000t\000h\000e\000\040\000U\000S\000B\000\040\000D\000r\000i\000v\000e\000\040\000\050\000N\000o\000t\000\040\000Y\000o\000u\000r\000\040\000O\000S\000\051}{chapter.2}% 12
\BOOKMARK [1][-]{lstnumber.-5.1}{\376\377\000S\000t\000e\000p\000\040\0004\000:\000\040\000U\000E\000F\000I\000\040\000o\000r\000\040\000L\000e\000g\000a\000c\000y\000\040\000\050\000S\000p\000o\000i\000l\000e\000r\000:\000\040\000I\000t\000\040\000B\000e\000t\000t\000e\000r\000\040\000B\000e\000\040\000U\000E\000F\000I\000\051}{chapter.2}% 13
\BOOKMARK [1][-]{lstnumber.-6.1}{\376\377\000S\000t\000e\000p\000\040\0005\000:\000\040\000C\000o\000n\000n\000e\000c\000t\000\040\000t\000o\000\040\000t\000h\000e\000\040\000I\000n\000t\000e\000r\000n\000e\000t}{chapter.2}% 14
\BOOKMARK [1][-]{lstnumber.-9.4}{\376\377\000S\000t\000e\000p\000\040\0006\000:\000\040\000S\000y\000n\000c\000\040\000t\000h\000e\000\040\000S\000y\000s\000t\000e\000m\000\040\000C\000l\000o\000c\000k\000\040\000\050\000D\000o\000n\040\031\000t\000\040\000S\000k\000i\000p\000\040\000T\000h\000i\000s\000!\000\051}{chapter.2}% 15
\BOOKMARK [1][-]{lstnumber.-11.1}{\376\377\000S\000t\000e\000p\000\040\0007\000:\000\040\000I\000d\000e\000n\000t\000i\000f\000y\000\040\000Y\000o\000u\000r\000\040\000D\000r\000i\000v\000e\000s\000\040\000\050\000D\000o\000n\000'\000t\000\040\000W\000i\000p\000e\000\040\000W\000i\000n\000d\000o\000w\000s\000\040\000U\000n\000l\000e\000s\000s\000\040\000Y\000o\000u\000\040\000M\000e\000a\000n\000\040\000T\000o\000\051}{chapter.2}% 16
\BOOKMARK [1][-]{lstnumber.-14.1}{\376\377\000Y\000o\000u\000\040\000A\000r\000e\000\040\000N\000o\000w\000\040\000R\000e\000a\000d\000y}{chapter.2}% 17
\BOOKMARK [0][-]{chapter.3}{\376\377\000C\000o\000n\000n\000e\000c\000t\000i\000n\000g\000\040\000t\000o\000\040\000t\000h\000e\000\040\000I\000n\000t\000e\000r\000n\000e\000t}{}% 18
\BOOKMARK [1][-]{section*.4}{\376\377\000Y\000o\000u\000\040\000C\000a\000n\040\031\000t\000\040\000I\000n\000s\000t\000a\000l\000l\000\040\000A\000r\000c\000h\000\040\000O\000f\000f\000l\000i\000n\000e\000.\000\040\000\050\000W\000e\000l\000l\000,\000\040\000T\000e\000c\000h\000n\000i\000c\000a\000l\000l\000y\000\040\000Y\000o\000u\000\040\000C\000a\000n\000,\000\040\000B\000u\000t\000\040\000Y\000o\000u\000\040\000S\000h\000o\000u\000l\000d\000n\040\031\000t\000.\000\051}{chapter.3}% 19
\BOOKMARK [1][-]{section.3.1}{\376\377\000W\000i\000r\000e\000d\000\040\000E\000t\000h\000e\000r\000n\000e\000t\000\040\040\024\000\040\000T\000h\000e\000\040\000T\000r\000u\000e\000\040\000M\000a\000s\000t\000e\000r\000\040\000R\000a\000c\000e}{chapter.3}% 20
\BOOKMARK [1][-]{section.3.2}{\376\377\000W\000i\000r\000e\000l\000e\000s\000s\000\040\040\024\000\040\000T\000h\000e\000\040\000P\000a\000t\000h\000\040\000o\000f\000\040\000P\000a\000i\000n}{chapter.3}% 21
\BOOKMARK [1][-]{section.3.3}{\376\377\000C\000o\000m\000m\000o\000n\000\040\000W\000i\000-\000F\000i\000\040\000F\000a\000i\000l\000u\000r\000e\000s\000\040\000a\000n\000d\000\040\000F\000i\000x\000e\000s}{chapter.3}% 22
\BOOKMARK [1][-]{section.3.4}{\376\377\000L\000e\000g\000a\000c\000y\000\040\000O\000p\000t\000i\000o\000n\000:\000\040\000w\000i\000f\000i\000-\000m\000e\000n\000u\000\040\000\050\000O\000n\000l\000y\000\040\000A\000v\000a\000i\000l\000a\000b\000l\000e\000\040\000o\000n\000\040\000n\000e\000t\000c\000t\000l\000-\000b\000a\000s\000e\000d\000\040\000I\000S\000O\000s\000\051}{chapter.3}% 23
\BOOKMARK [1][-]{section.3.5}{\376\377\000U\000s\000i\000n\000g\000\040\000a\000\040\000S\000t\000a\000t\000i\000c\000\040\000I\000P\000\040\000\050\000E\000d\000g\000e\000\040\000C\000a\000s\000e\000\040\000o\000r\000\040\000E\000m\000e\000r\000g\000e\000n\000c\000y\000\051}{chapter.3}% 24
\BOOKMARK [1][-]{section.3.6}{\376\377\000C\000o\000n\000f\000i\000r\000m\000i\000n\000g\000\040\000Y\000o\000u\040\031\000r\000e\000\040\000O\000n\000l\000i\000n\000e}{chapter.3}% 25
\BOOKMARK [0][-]{chapter.4}{\376\377\000P\000a\000r\000t\000i\000t\000i\000o\000n\000i\000n\000g\000\040\000t\000h\000e\000\040\000D\000i\000s\000k}{}% 26
\BOOKMARK [1][-]{section*.5}{\376\377\000L\000o\000o\000k\000\040\000M\000e\000\040\000i\000n\000\040\000t\000h\000e\000\040\000E\000y\000e\000\040\000a\000n\000d\000\040\000T\000e\000l\000l\000\040\000M\000e\000\040\000Y\000o\000u\000'\000r\000e\000\040\000R\000e\000a\000d\000y\000\040\000t\000o\000\040\000W\000i\000p\000e\000\040\000a\000\040\000D\000r\000i\000v\000e}{chapter.4}% 27
\BOOKMARK [1][-]{section.4.1}{\376\377\000T\000h\000e\000\040\000B\000o\000o\000t\000\040\000M\000o\000d\000e\000\040\000D\000i\000c\000t\000a\000t\000e\000s\000\040\000Y\000o\000u\000r\000\040\000P\000a\000r\000t\000i\000t\000i\000o\000n\000\040\000S\000t\000y\000l\000e}{chapter.4}% 28
\BOOKMARK [1][-]{section.4.2}{\376\377\000I\000d\000e\000n\000t\000i\000f\000y\000\040\000t\000h\000e\000\040\000T\000a\000r\000g\000e\000t\000\040\000D\000i\000s\000k\000\040\000\050\000D\000o\000n\000'\000t\000\040\000W\000i\000p\000e\000\040\000t\000h\000e\000\040\000W\000r\000o\000n\000g\000\040\000O\000n\000e\000\051}{chapter.4}% 29
\BOOKMARK [1][-]{section.4.3}{\376\377\000P\000a\000r\000t\000i\000t\000i\000o\000n\000\040\000L\000a\000y\000o\000u\000t\000\040\000\050\000U\000E\000F\000I\000\040\000S\000c\000h\000e\000m\000e\000\051}{chapter.4}% 30
\BOOKMARK [1][-]{section.4.4}{\376\377\000U\000s\000i\000n\000g\000\040\000f\000d\000i\000s\000k\000\040\000\050\000B\000e\000g\000i\000n\000n\000e\000r\000-\000F\000r\000i\000e\000n\000d\000l\000y\000,\000\040\000D\000e\000a\000d\000l\000y\000\040\000I\000f\000\040\000Y\000o\000u\000\040\000P\000a\000n\000i\000c\000\051}{chapter.4}% 31
\BOOKMARK [1][-]{section.4.5}{\376\377\000U\000s\000i\000n\000g\000\040\000c\000g\000d\000i\000s\000k\000\040\000\050\000F\000o\000r\000\040\000V\000i\000s\000u\000a\000l\000\040\000L\000e\000a\000r\000n\000e\000r\000s\000\040\000W\000h\000o\000\040\000L\000i\000k\000e\000\040\000R\000e\000t\000r\000o\000\040\000I\000n\000t\000e\000r\000f\000a\000c\000e\000s\000\051}{chapter.4}% 32
\BOOKMARK [1][-]{section.4.6}{\376\377\000F\000o\000r\000m\000a\000t\000t\000i\000n\000g\000\040\000t\000h\000e\000\040\000P\000a\000r\000t\000i\000t\000i\000o\000n\000s}{chapter.4}% 33
\BOOKMARK [1][-]{section.4.7}{\376\377\000M\000o\000u\000n\000t\000i\000n\000g\000\040\000t\000h\000e\000\040\000F\000i\000l\000e\000s\000y\000s\000t\000e\000m\000s}{chapter.4}% 34
\BOOKMARK [1][-]{section.4.8}{\376\377\000V\000e\000r\000i\000f\000y\000\040\000M\000o\000u\000n\000t\000s}{chapter.4}% 35
\BOOKMARK [1][-]{section.4.9}{\376\377\000I\000f\000\040\000Y\000o\000u\040\031\000r\000e\000\040\000U\000s\000i\000n\000g\000\040\000B\000I\000O\000S\000\040\000\050\000M\000B\000R\000\051\000\040\000B\000o\000o\000t\000\040\000I\000n\000s\000t\000e\000a\000d\000.\000.\000.}{chapter.4}% 36
\BOOKMARK [1][-]{section.4.10}{\376\377\000F\000i\000n\000a\000l\000\040\000C\000h\000e\000c\000k\000p\000o\000i\000n\000t}{chapter.4}% 37
\BOOKMARK [0][-]{chapter.5}{\376\377\000I\000n\000s\000t\000a\000l\000l\000i\000n\000g\000\040\000t\000h\000e\000\040\000B\000a\000s\000e\000\040\000S\000y\000s\000t\000e\000m}{}% 38
\BOOKMARK [1][-]{section.5.1}{\376\377\000W\000h\000a\000t\000\040\000i\000s\000\040\000p\000a\000c\000s\000t\000r\000a\000p\000?}{chapter.5}% 39
\BOOKMARK [1][-]{section.5.2}{\376\377\000M\000i\000n\000i\000m\000a\000l\000\040\000E\000x\000a\000m\000p\000l\000e\000\040\040\024\000\040\000B\000a\000r\000e\000b\000o\000n\000e\000s\000\040\000I\000n\000s\000t\000a\000l\000l}{chapter.5}% 40
\BOOKMARK [1][-]{section.5.3}{\376\377\000C\000o\000m\000m\000o\000n\000l\000y\000\040\000A\000d\000d\000e\000d\000\040\000P\000a\000c\000k\000a\000g\000e\000s\000\040\000\050\000O\000p\000t\000i\000o\000n\000a\000l\000\040\000b\000u\000t\000\040\000U\000s\000e\000f\000u\000l\000\051}{chapter.5}% 41
\BOOKMARK [1][-]{section.5.4}{\376\377\000W\000h\000a\000t\000\040\000/\000m\000n\000t\000\040\000I\000s\000,\000\040\000R\000e\000a\000l\000l\000y}{chapter.5}% 42
\BOOKMARK [1][-]{section.5.5}{\376\377\000C\000r\000e\000a\000t\000i\000n\000g\000\040\000t\000h\000e\000\040\000f\000s\000t\000a\000b\000\040\040\024\000\040\000T\000h\000e\000\040\000S\000y\000s\000t\000e\000m\000'\000s\000\040\000M\000a\000p\000\040\000o\000f\000\040\000Y\000o\000u\000r\000\040\000D\000i\000s\000k}{chapter.5}% 43
\BOOKMARK [1][-]{section.5.6}{\376\377\000E\000n\000t\000e\000r\000\040\000t\000h\000e\000\040\000V\000o\000i\000d\000:\000\040\000a\000r\000c\000h\000-\000c\000h\000r\000o\000o\000t}{chapter.5}% 44
\BOOKMARK [0][-]{chapter.6}{\376\377\000S\000y\000s\000t\000e\000m\000\040\000C\000o\000n\000f\000i\000g\000u\000r\000a\000t\000i\000o\000n}{}% 45
\BOOKMARK [1][-]{section.6.1}{\376\377\000S\000e\000t\000\040\000t\000h\000e\000\040\000T\000i\000m\000e\000\040\000Z\000o\000n\000e}{chapter.6}% 46
\BOOKMARK [1][-]{section.6.2}{\376\377\000S\000e\000t\000\040\000L\000o\000c\000a\000l\000e\000\040\000\050\000L\000a\000n\000g\000u\000a\000g\000e\000\040\000+\000\040\000E\000n\000c\000o\000d\000i\000n\000g\000\051}{chapter.6}% 47
\BOOKMARK [1][-]{section.6.3}{\376\377\000S\000e\000t\000\040\000t\000h\000e\000\040\000H\000o\000s\000t\000n\000a\000m\000e}{chapter.6}% 48
\BOOKMARK [1][-]{section.6.4}{\376\377\000C\000o\000n\000f\000i\000g\000u\000r\000e\000\040\000/\000e\000t\000c\000/\000h\000o\000s\000t\000s\000\040\000\050\000N\000e\000t\000w\000o\000r\000k\000i\000n\000g\000\040\000I\000D\000\051}{chapter.6}% 49
\BOOKMARK [1][-]{section.6.5}{\376\377\000S\000e\000t\000\040\000R\000o\000o\000t\000\040\000P\000a\000s\000s\000w\000o\000r\000d}{chapter.6}% 50
\BOOKMARK [1][-]{section.6.6}{\376\377\000C\000r\000e\000a\000t\000e\000\040\000a\000\040\000N\000o\000n\000-\000R\000o\000o\000t\000\040\000U\000s\000e\000r}{chapter.6}% 51
\BOOKMARK [1][-]{section.6.7}{\376\377\000E\000n\000a\000b\000l\000e\000\040\000s\000u\000d\000o\000\040\000f\000o\000r\000\040\000W\000h\000e\000e\000l\000\040\000G\000r\000o\000u\000p}{chapter.6}% 52
\BOOKMARK [1][-]{section.6.8}{\376\377\000I\000n\000s\000t\000a\000l\000l\000\040\000N\000e\000t\000w\000o\000r\000k\000i\000n\000g\000\040\000T\000o\000o\000l\000s}{chapter.6}% 53
\BOOKMARK [1][-]{section.6.9}{\376\377\000I\000n\000s\000t\000a\000l\000l\000\040\000T\000e\000x\000t\000\040\000E\000d\000i\000t\000o\000r\000\040\000\050\000B\000e\000c\000a\000u\000s\000e\000\040\000Y\000o\000u\040\031\000l\000l\000\040\000N\000e\000e\000d\000\040\000O\000n\000e\000\051}{chapter.6}% 54
\BOOKMARK [1][-]{section.6.10}{\376\377\000G\000e\000n\000e\000r\000a\000t\000e\000\040\000i\000n\000i\000t\000r\000a\000m\000f\000s\000\040\000\050\000B\000o\000o\000t\000\040\000I\000m\000a\000g\000e\000\051}{chapter.6}% 55
\BOOKMARK [0][-]{chapter.7}{\376\377\000B\000o\000o\000t\000l\000o\000a\000d\000e\000r\000\040\000S\000e\000t\000u\000p}{}% 56
\BOOKMARK [1][-]{section.7.1}{\376\377\000O\000p\000t\000i\000o\000n\000\040\000A\000:\000\040\000s\000y\000s\000t\000e\000m\000d\000-\000b\000o\000o\000t\000\040\000\050\000U\000E\000F\000I\000\040\000O\000n\000l\000y\000,\000\040\000A\000r\000c\000h\000\040\000A\000p\000p\000r\000o\000v\000e\000d\000\051}{chapter.7}% 57
\BOOKMARK [1][-]{section.7.2}{\376\377\000O\000p\000t\000i\000o\000n\000\040\000B\000:\000\040\000G\000R\000U\000B\000\040\000\050\000U\000E\000F\000I\000\040\000o\000r\000\040\000L\000e\000g\000a\000c\000y\000\040\000B\000I\000O\000S\000\051}{chapter.7}% 58
\BOOKMARK [1][-]{section.7.3}{\376\377\000C\000h\000e\000c\000k\000p\000o\000i\000n\000t\000:\000\040\000R\000e\000a\000d\000y\000\040\000f\000o\000r\000\040\000R\000e\000b\000o\000o\000t\000?}{chapter.7}% 59
\BOOKMARK [0][-]{chapter.8}{\376\377\000P\000o\000s\000t\000-\000I\000n\000s\000t\000a\000l\000l\000\040\000E\000s\000s\000e\000n\000t\000i\000a\000l\000s}{}% 60
\BOOKMARK [1][-]{section.8.1}{\376\377\000U\000p\000d\000a\000t\000e\000\040\000E\000v\000e\000r\000y\000t\000h\000i\000n\000g}{chapter.8}% 61
\BOOKMARK [1][-]{section.8.2}{\376\377\000I\000n\000s\000t\000a\000l\000l\000\040\000C\000P\000U\000\040\000M\000i\000c\000r\000o\000c\000o\000d\000e\000\040\000\050\000D\000o\000\040\000N\000o\000t\000\040\000S\000k\000i\000p\000\051}{chapter.8}% 62
\BOOKMARK [1][-]{section.8.3}{\376\377\000A\000u\000d\000i\000o\000\040\040\024\000\040\000B\000e\000c\000a\000u\000s\000e\000\040\000S\000i\000l\000e\000n\000c\000e\000\040\000i\000s\000\040\000f\000o\000r\000\040\000W\000i\000n\000d\000o\000w\000s\000\040\000U\000s\000e\000r\000s}{chapter.8}% 63
\BOOKMARK [1][-]{section.8.4}{\376\377\000G\000r\000a\000p\000h\000i\000c\000s\000\040\000D\000r\000i\000v\000e\000r\000s\000\040\040\024\000\040\000K\000n\000o\000w\000\040\000Y\000o\000u\000r\000\040\000G\000P\000U}{chapter.8}% 64
\BOOKMARK [1][-]{section.8.5}{\376\377\000B\000l\000u\000e\000t\000o\000o\000t\000h\000\040\000\050\000I\000f\000\040\000Y\000o\000u\000\040\000N\000e\000e\000d\000\040\000I\000t\000\051}{chapter.8}% 65
\BOOKMARK [1][-]{section.8.6}{\376\377\000P\000r\000i\000n\000t\000i\000n\000g\000\040\000\050\000F\000o\000r\000\040\000T\000h\000o\000s\000e\000\040\000W\000h\000o\000\040\000S\000t\000i\000l\000l\000\040\000U\000s\000e\000\040\000P\000a\000p\000e\000r\000\051}{chapter.8}% 66
\BOOKMARK [1][-]{section.8.7}{\376\377\000N\000e\000t\000w\000o\000r\000k\000\040\000T\000o\000o\000l\000s\000\040\000\050\000O\000p\000t\000i\000o\000n\000a\000l\000,\000\040\000B\000u\000t\000\040\000H\000e\000l\000p\000f\000u\000l\000\051}{chapter.8}% 67
\BOOKMARK [1][-]{section.8.8}{\376\377\000B\000a\000s\000i\000c\000\040\000T\000e\000r\000m\000i\000n\000a\000l\000\040\000+\000\040\000G\000U\000I\000\040\000T\000o\000o\000l\000s}{chapter.8}% 68
\BOOKMARK [1][-]{section.8.9}{\376\377\000O\000p\000t\000i\000o\000n\000a\000l\000:\000\040\000E\000n\000a\000b\000l\000e\000\040\000R\000e\000f\000l\000e\000c\000t\000o\000r\000\040\000f\000o\000r\000\040\000F\000a\000s\000t\000e\000r\000\040\000M\000i\000r\000r\000o\000r\000s}{chapter.8}% 69
\BOOKMARK [1][-]{section.8.10}{\376\377\000C\000h\000e\000c\000k\000p\000o\000i\000n\000t\000\040\000B\000e\000f\000o\000r\000e\000\040\000G\000r\000a\000p\000h\000i\000c\000a\000l\000\040\000S\000e\000t\000u\000p}{chapter.8}% 70
\BOOKMARK [0][-]{chapter.9}{\376\377\000G\000r\000a\000p\000h\000i\000c\000a\000l\000\040\000E\000n\000v\000i\000r\000o\000n\000m\000e\000n\000t\000\040\000S\000e\000t\000u\000p}{}% 71
\BOOKMARK [1][-]{section.9.1}{\376\377\000W\000a\000y\000l\000a\000n\000d\000\040\000i\000s\000\040\000N\000o\000w}{chapter.9}% 72
\BOOKMARK [1][-]{section.9.2}{\376\377\000I\000n\000s\000t\000a\000l\000l\000i\000n\000g\000\040\000W\000a\000y\000l\000a\000n\000d\000\040\000\050\000i\000f\000\040\000n\000o\000t\000\040\000b\000u\000n\000d\000l\000e\000d\000\051}{chapter.9}% 73
\BOOKMARK [1][-]{section.9.3}{\376\377\000I\000n\000s\000t\000a\000l\000l\000i\000n\000g\000\040\000a\000\040\000D\000e\000s\000k\000t\000o\000p\000\040\000E\000n\000v\000i\000r\000o\000n\000m\000e\000n\000t\000\040\000\050\000W\000a\000y\000l\000a\000n\000d\000-\000F\000i\000r\000s\000t\000\040\000C\000h\000o\000i\000c\000e\000s\000\051}{chapter.9}% 74
\BOOKMARK [1][-]{section.9.4}{\376\377\000D\000i\000s\000p\000l\000a\000y\000\040\000M\000a\000n\000a\000g\000e\000r\000\040\000v\000s\000\040\000s\000t\000a\000r\000t\000x}{chapter.9}% 75
\BOOKMARK [1][-]{section.9.5}{\376\377\000F\000o\000n\000t\000s\000\040\000a\000n\000d\000\040\000T\000h\000e\000m\000e\000s}{chapter.9}% 76
\BOOKMARK [1][-]{section.9.6}{\376\377\000P\000o\000s\000t\000-\000D\000E\000\040\000C\000h\000e\000c\000k\000l\000i\000s\000t}{chapter.9}% 77
\BOOKMARK [0][-]{chapter.10}{\376\377\000P\000r\000e\000c\000e\000p\000t\000s\000\040\000o\000f\000\040\000t\000h\000e\000\040\000A\000r\000c\000h\000\040\000F\000a\000i\000t\000h\000f\000u\000l}{}% 78
\BOOKMARK [1][-]{section.10.1}{\376\377\0001\000.\000\040\000T\000h\000e\000\040\000K\000e\000r\000n\000e\000l\000\040\040\024\000\040\000T\000h\000e\000\040\000S\000o\000u\000l\000\040\000o\000f\000\040\000t\000h\000e\000\040\000S\000y\000s\000t\000e\000m}{chapter.10}% 79
\BOOKMARK [1][-]{section.10.2}{\376\377\0002\000.\000\040\000i\000n\000i\000t\000r\000a\000m\000f\000s\000\040\040\024\000\040\000T\000h\000e\000\040\000B\000r\000i\000d\000g\000e\000\040\000t\000o\000\040\000t\000h\000e\000\040\000K\000e\000r\000n\000e\000l}{chapter.10}% 80
\BOOKMARK [1][-]{section.10.3}{\376\377\0003\000.\000\040\000s\000y\000s\000t\000e\000m\000d\000\040\040\024\000\040\000T\000h\000e\000\040\000G\000r\000a\000n\000d\000\040\000O\000r\000c\000h\000e\000s\000t\000r\000a\000t\000o\000r}{chapter.10}% 81
\BOOKMARK [1][-]{section.10.4}{\376\377\0004\000.\000\040\000S\000h\000e\000l\000l\000\040\000a\000n\000d\000\040\000T\000e\000r\000m\000i\000n\000a\000l\000\040\040\024\000\040\000Y\000o\000u\000r\000\040\000F\000i\000r\000s\000t\000\040\000I\000n\000t\000e\000r\000f\000a\000c\000e}{chapter.10}% 82
\BOOKMARK [1][-]{section.10.5}{\376\377\0005\000.\000\040\000D\000i\000s\000p\000l\000a\000y\000\040\000S\000e\000r\000v\000e\000r\000\040\040\024\000\040\000H\000o\000w\000\040\000G\000r\000a\000p\000h\000i\000c\000s\000\040\000G\000e\000t\000\040\000D\000r\000a\000w\000n}{chapter.10}% 83
\BOOKMARK [1][-]{section.10.6}{\376\377\0006\000.\000\040\000D\000e\000s\000k\000t\000o\000p\000\040\000E\000n\000v\000i\000r\000o\000n\000m\000e\000n\000t\000\040\040\024\000\040\000T\000h\000e\000\040\000F\000u\000r\000n\000i\000t\000u\000r\000e\000\040\000o\000f\000\040\000Y\000o\000u\000r\000\040\000O\000S}{chapter.10}% 84
\BOOKMARK [1][-]{section.10.7}{\376\377\0007\000.\000\040\000H\000o\000w\000\040\000A\000r\000c\000h\000\040\000W\000o\000r\000k\000s\000\040\040\024\000\040\000R\000o\000l\000l\000i\000n\000g\000,\000\040\000M\000i\000n\000i\000m\000a\000l\000,\000\040\000T\000r\000a\000n\000s\000p\000a\000r\000e\000n\000t}{chapter.10}% 85
\BOOKMARK [1][-]{section.10.8}{\376\377\0008\000.\000\040\000W\000h\000y\000\040\000t\000h\000e\000\040\000I\000n\000s\000t\000a\000l\000l\000\040\000i\000s\000\040\000M\000a\000n\000u\000a\000l\000\040\000\050\000A\000n\000d\000\040\000W\000h\000y\000\040\000I\000t\000\040\000M\000a\000t\000t\000e\000r\000s\000\051}{chapter.10}% 86
